<?xml version="1.0" encoding="UTF-8"?>
<!-- Generated by org.testng.reporters.JUnitReportReporter -->
<testsuite hostname="DESKTOP-7EO1CCG" failures="0" tests="2" name="com.restassured.api.Test03_Update" time="0.325" errors="0" timestamp="13 Sep 2020 22:19:18 GMT" skipped="0">
  <testcase classname="com.restassured.api.Test03_Update" name="test03_1" time="0.135"/>
  <testcase classname="com.restassured.api.Test03_Update" name="test03_2" time="0.190"/>
</testsuite> <!-- com.restassured.api.Test03_Update -->
