<?xml version="1.0" encoding="UTF-8"?>
<!-- Generated by org.testng.reporters.JUnitReportReporter -->
<testsuite hostname="DESKTOP-7EO1CCG" failures="0" tests="1" name="com.restassured.api.Test04_Delete" time="0.152" errors="0" timestamp="13 Sep 2020 22:19:18 GMT" skipped="0">
  <testcase classname="com.restassured.api.Test04_Delete" name="test04" time="0.152"/>
</testsuite> <!-- com.restassured.api.Test04_Delete -->
