<?xml version="1.0" encoding="UTF-8"?>
<!-- Generated by org.testng.reporters.JUnitReportReporter -->
<testsuite hostname="DESKTOP-7EO1CCG" failures="0" tests="1" name="com.restassured.api.Test05_UserNotFound" time="0.110" errors="0" timestamp="13 Sep 2020 22:19:18 GMT" skipped="0">
  <testcase classname="com.restassured.api.Test05_UserNotFound" name="test05" time="0.110"/>
</testsuite> <!-- com.restassured.api.Test05_UserNotFound -->
