<?xml version="1.0" encoding="UTF-8"?>
<!-- Generated by org.testng.reporters.JUnitReportReporter -->
<testsuite hostname="DESKTOP-7EO1CCG" failures="0" tests="3" name="com.restassured.api.Test01_Read" time="6.083" errors="0" timestamp="13 Sep 2020 22:19:18 GMT" skipped="0">
  <testcase classname="com.restassured.api.Test01_Read" name="test01_2" time="2.112"/>
  <testcase classname="com.restassured.api.Test01_Read" name="test01_3" time="0.279"/>
  <testcase classname="com.restassured.api.Test01_Read" name="test01_1" time="3.692"/>
</testsuite> <!-- com.restassured.api.Test01_Read -->
