<?xml version="1.0" encoding="UTF-8"?>
<!-- Generated by org.testng.reporters.JUnitReportReporter -->
<testsuite hostname="DESKTOP-7EO1CCG" failures="0" tests="1" name="com.restassured.api.AppTest" time="0.001" errors="0" timestamp="13 Sep 2020 22:19:18 GMT" skipped="0">
  <testcase classname="com.restassured.api.AppTest" name="testApp" time="0.001"/>
</testsuite> <!-- com.restassured.api.AppTest -->
