<?xml version="1.0" encoding="UTF-8"?>
<!-- Generated by org.testng.reporters.JUnitReportReporter -->
<testsuite skipped="0" hostname="Chaya" name="com.restassured.api.Test03_Put" tests="1" failures="0" timestamp="11 May 2020 18:11:32 GMT" time="16.051" errors="0">
  <testcase name="test2" time="16.051" classname="com.restassured.api.Test03_Put"/>
</testsuite> <!-- com.restassured.api.Test03_Put -->
