<?xml version="1.0" encoding="UTF-8"?>
<!-- Generated by org.testng.reporters.JUnitReportReporter -->
<testsuite skipped="0" hostname="Chaya" name="com.restassured.api.Test02_Post" tests="1" failures="0" timestamp="11 May 2020 17:37:57 GMT" time="6.475" errors="0">
  <testcase name="test2" time="6.475" classname="com.restassured.api.Test02_Post"/>
</testsuite> <!-- com.restassured.api.Test02_Post -->
