<?xml version="1.0" encoding="UTF-8"?>
<!-- Generated by org.testng.reporters.JUnitReportReporter -->
<testsuite hostname="DESKTOP-7EO1CCG" failures="0" tests="1" name="com.restassured.api.Test04_Patch" time="2.862" errors="0" timestamp="13 Sep 2020 14:53:26 GMT" skipped="0">
  <testcase classname="com.restassured.api.Test04_Patch" name="test2" time="2.862"/>
</testsuite> <!-- com.restassured.api.Test04_Patch -->
