<?xml version="1.0" encoding="UTF-8"?>
<!-- Generated by org.testng.reporters.JUnitReportReporter -->
<testsuite hostname="DESKTOP-7EO1CCG" failures="0" tests="1" name="com.restassured.api.Test03_Put" time="2.790" errors="0" timestamp="13 Sep 2020 14:56:58 GMT" skipped="0">
  <testcase classname="com.restassured.api.Test03_Put" name="test2" time="2.790"/>
</testsuite> <!-- com.restassured.api.Test03_Put -->
