<?xml version="1.0" encoding="UTF-8"?>
<!-- Generated by org.testng.reporters.JUnitReportReporter -->
<testsuite hostname="DESKTOP-7EO1CCG" failures="0" tests="2" name="com.restassured.api.Test03_Update" time="3.747" errors="0" timestamp="2020-09-13T19:57:54 BST" skipped="0">
  <testcase classname="com.restassured.api.Test03_Update" name="test03_2" time="0.197"/>
  <system-out/>
  <testcase classname="com.restassured.api.Test03_Update" name="test03_1" time="3.550"/>
  <system-out/>
</testsuite> <!-- com.restassured.api.Test03_Update -->
