<?xml version="1.0" encoding="UTF-8"?>
<!-- Generated by org.testng.reporters.JUnitReportReporter -->
<testsuite skipped="0" hostname="Chaya" name="com.restassured.api.Test05_Delete" tests="1" failures="0" timestamp="11 May 2020 18:28:17 GMT" time="5.536" errors="0">
  <testcase name="test3" time="5.536" classname="com.restassured.api.Test05_Delete"/>
</testsuite> <!-- com.restassured.api.Test05_Delete -->
