<?xml version="1.0" encoding="UTF-8"?>
<!-- Generated by org.testng.reporters.JUnitReportReporter -->
<testsuite hostname="DESKTOP-7EO1CCG" failures="0" tests="1" name="com.restassured.api.Test01_Get" time="4.454" errors="0" timestamp="13 Sep 2020 13:23:52 GMT" skipped="0">
  <testcase classname="com.restassured.api.Test01_Get" name="test1" time="4.454"/>
</testsuite> <!-- com.restassured.api.Test01_Get -->
