<?xml version="1.0" encoding="UTF-8"?>
<!-- Generated by org.testng.reporters.JUnitReportReporter -->
<testsuite hostname="DESKTOP-7EO1CCG" failures="0" tests="1" name="com.restassured.api.Test04_Delete" time="5.929" errors="0" timestamp="2020-09-13T19:36:21 BST" skipped="0">
  <testcase classname="com.restassured.api.Test04_Delete" name="test04" time="5.929"/>
  <system-out/>
</testsuite> <!-- com.restassured.api.Test04_Delete -->
