<?xml version="1.0" encoding="UTF-8"?>
<!-- Generated by org.testng.reporters.JUnitReportReporter -->
<testsuite hostname="DESKTOP-7EO1CCG" failures="0" tests="1" name="com.restassured.api.Test05_UserNotFound" time="3.916" errors="0" timestamp="2020-09-13T23:18:06 BST" skipped="0">
  <testcase classname="com.restassured.api.Test05_UserNotFound" name="test05" time="3.916"/>
  <system-out/>
</testsuite> <!-- com.restassured.api.Test05_UserNotFound -->
