<?xml version="1.0" encoding="UTF-8"?>
<!-- Generated by org.testng.reporters.JUnitReportReporter -->
<testsuite skipped="0" hostname="Chaya" name="com.restassured.api.Test04_Patch" tests="1" failures="0" timestamp="11 May 2020 18:29:21 GMT" time="6.292" errors="0">
  <testcase name="test2" time="6.292" classname="com.restassured.api.Test04_Patch"/>
</testsuite> <!-- com.restassured.api.Test04_Patch -->
