<?xml version="1.0" encoding="UTF-8"?>
<!-- Generated by org.testng.reporters.JUnitReportReporter -->
<testsuite hostname="DESKTOP-7EO1CCG" failures="0" tests="3" name="com.restassured.api.Test01_Read" time="6.059" errors="0" timestamp="2020-09-14T00:35:05 BST" skipped="0">
  <testcase classname="com.restassured.api.Test01_Read" name="test01_1" time="3.413"/>
  <system-out/>
  <testcase classname="com.restassured.api.Test01_Read" name="test01_2" time="2.427"/>
  <system-out/>
  <testcase classname="com.restassured.api.Test01_Read" name="test01_3" time="0.219"/>
  <system-out/>
</testsuite> <!-- com.restassured.api.Test01_Read -->
