<?xml version="1.0" encoding="UTF-8"?>
<!-- Generated by org.testng.reporters.JUnitReportReporter -->
<testsuite hostname="DESKTOP-7EO1CCG" failures="0" tests="1" name="com.restassured.api.Test02_Post" time="2.805" errors="0" timestamp="13 Sep 2020 13:49:20 GMT" skipped="0">
  <testcase classname="com.restassured.api.Test02_Post" name="test2" time="2.805"/>
</testsuite> <!-- com.restassured.api.Test02_Post -->
